[2022-10-30 19:33:12]: Starting build for depot 2205081, content path is "D:\Documents\GitHub\ChangosGame\Builds\v.0.1.5", build flags 0x0
[2022-10-30 19:33:12]: Building file listing for depot 2205081 ...
[2022-10-30 19:33:13]: Found 141 files for mapping: D:\Documents\GitHub\ChangosGame\Builds\v.0.1.5 * -> .
[2022-10-30 19:33:14]: Found 141 files (65 MB) for depot 2205081
[2022-10-30 19:33:15]: Building depot 2205081, baseline manifest 7944696355930149121 (137 files)
[2022-10-30 19:33:17]: Found 168 chunks ( 164 used previously ) for depot 2205081, took 0 minutes, 2 seconds
[2022-10-30 19:33:17]: Changes to baseline manifest 7944696355930149121 :
[2022-10-30 19:33:17]: Changed: "ChangosGame_Data\globalgamemanagers" 125 kB size, 125 kB changed 
[2022-10-30 19:33:17]: Changed: "ChangosGame_Data\globalgamemanagers.assets" 649 kB size, 649 kB changed 
[2022-10-30 19:33:17]: Changed: "ChangosGame_Data\level0" 25 kB size, 25 kB changed 
[2022-10-30 19:33:17]: Changed: "ChangosGame_Data\level0.resS" 129 kB size, 129 kB changed 
[2022-10-30 19:33:17]: Changed: "ChangosGame_Data\Managed\Assembly-CSharp.dll" 15 kB size, 15 kB changed 
[2022-10-30 19:33:17]: Added  : "ChangosGame_Data\Managed\Sirenix.OdinInspector.Attributes.dll" 87 kB 
[2022-10-30 19:33:17]: Added  : "ChangosGame_Data\Managed\Sirenix.Serialization.Config.dll" 18 kB 
[2022-10-30 19:33:17]: Added  : "ChangosGame_Data\Managed\Sirenix.Serialization.dll" 355 kB 
[2022-10-30 19:33:17]: Added  : "ChangosGame_Data\Managed\Sirenix.Utilities.dll" 153 kB 
[2022-10-30 19:33:17]: Changed: "ChangosGame_Data\resources.assets" 238 kB size, 238 kB changed 
[2022-10-30 19:33:17]: Changed: "ChangosGame_Data\RuntimeInitializeOnLoads.json" 3 kB size, 3 kB changed 
[2022-10-30 19:33:17]: Changed: "ChangosGame_Data\ScriptingAssemblies.json" 3 kB size, 3 kB changed 
[2022-10-30 19:33:17]: Changed: "ChangosGame_Data\sharedassets0.assets" 604 kB size, 604 kB changed 
[2022-10-30 19:33:17]: Changed: "ChangosGame_Data\sharedassets0.assets.resS" 1851 kB size, 1851 kB changed 
[2022-10-30 19:33:17]: Summary: 4 files added, 10 files changed, 0 files removed
[2022-10-30 19:33:17]: Uploading new manifest to 208.64.201.169:80 (handle 7528603640855573469, 22502 bytes).
[2022-10-30 19:33:18]: Uploading 15 out of 15 missing chunks.
[2022-10-30 19:33:21]: Success! New manifestID 584768340913341175 created and 15 new chunks uploaded.
